[debug] [2022-05-28T18:33:15.622Z] ----------------------------------------------------------------------
[debug] [2022-05-28T18:33:15.624Z] Command:       C:\Program Files\nodejs\node.exe H:\usr\local\node_modules\firebase-tools\lib\bin\firebase.js init
[debug] [2022-05-28T18:33:15.624Z] CLI Version:   11.0.1
[debug] [2022-05-28T18:33:15.625Z] Platform:      win32
[debug] [2022-05-28T18:33:15.625Z] Node Version:  v17.3.0
[debug] [2022-05-28T18:33:15.626Z] Time:          Sat May 28 2022 14:33:15 GMT-0400 (Eastern Daylight Saving Time)
[debug] [2022-05-28T18:33:15.626Z] ----------------------------------------------------------------------
[debug] 
[debug] [2022-05-28T18:33:15.634Z] > command requires scopes: ["email","openid","https://www.googleapis.com/auth/cloudplatformprojects.readonly","https://www.googleapis.com/auth/firebase","https://www.googleapis.com/auth/cloud-platform"]
[debug] [2022-05-28T18:33:15.635Z] > authorizing via signed-in user (sajeenth19@gmail.com)
[info] 
     ######## #### ########  ######## ########     ###     ######  ########
     ##        ##  ##     ## ##       ##     ##  ##   ##  ##       ##
     ######    ##  ########  ######   ########  #########  ######  ######
     ##        ##  ##    ##  ##       ##     ## ##     ##       ## ##
     ##       #### ##     ## ######## ########  ##     ##  ######  ########

You're about to initialize a Firebase project in this directory:

  H:\OneDrive\Desktop\Projects\CircleSpotter

[info] 
=== Project Setup
[info] 
[info] First, let's associate this project directory with a Firebase project.
[info] You can create multiple project aliases by running firebase use --add, 
[info] but for now we'll just set up a default project.
[info] 
[debug] [2022-05-28T18:33:38.194Z] > refreshing access token with scopes: []
[debug] [2022-05-28T18:33:38.195Z] >>> HTTP REQUEST POST https://www.googleapis.com/oauth2/v3/token  
 <request body omitted>
[debug] [2022-05-28T18:33:38.432Z] <<< HTTP RESPONSE 200 {"date":"Sat, 28 May 2022 18:33:39 GMT","cache-control":"no-cache, no-store, max-age=0, must-revalidate","expires":"Mon, 01 Jan 1990 00:00:00 GMT","pragma":"no-cache","content-type":"application/json; charset=utf-8","vary":"X-Origin, Referer, Origin,Accept-Encoding","server":"scaffolding on HTTPServer2","x-xss-protection":"0","x-frame-options":"SAMEORIGIN","x-content-type-options":"nosniff","alt-svc":"h3=\":443\"; ma=2592000,h3-29=\":443\"; ma=2592000,h3-Q050=\":443\"; ma=2592000,h3-Q046=\":443\"; ma=2592000,h3-Q043=\":443\"; ma=2592000,quic=\":443\"; ma=2592000; v=\"46,43\"","accept-ranges":"none","transfer-encoding":"chunked"}
[debug] [2022-05-28T18:33:38.445Z] >>> [apiv2][query] GET https://firebase.googleapis.com/v1beta1/projects pageSize=100
[debug] [2022-05-28T18:33:38.886Z] <<< [apiv2][status] GET https://firebase.googleapis.com/v1beta1/projects 200
[debug] [2022-05-28T18:33:38.886Z] <<< [apiv2][body] GET https://firebase.googleapis.com/v1beta1/projects [omitted]
[info] i  Using project circlespotter (CircleSpotter) 
[info] 
=== Hosting Setup
[info] 
[info] Your public directory is the folder (relative to your project directory) that
[info] will contain Hosting assets to be uploaded with firebase deploy. If you
[info] have a build process for your assets, use your build's output directory.
[info] 
